Performing C SOURCE FILE Test LIBOMP_HAVE_WNO_UNUSED_LOCAL_TYPEDEF_FLAG failed with the following output:
Change Dir: /host/Phd_Sem4/Research/GitLab/ALLVM/openmp/build/CMakeFiles/CMakeTmp

Run Build Command:/usr/bin/make "cmTryCompileExec2371053017/fast"
/usr/bin/make -f CMakeFiles/cmTryCompileExec2371053017.dir/build.make CMakeFiles/cmTryCompileExec2371053017.dir/build
make[1]: Entering directory `/host/Phd_Sem4/Research/GitLab/ALLVM/openmp/build/CMakeFiles/CMakeTmp'
/usr/bin/cmake -E cmake_progress_report /host/Phd_Sem4/Research/GitLab/ALLVM/openmp/build/CMakeFiles/CMakeTmp/CMakeFiles 1
Building C object CMakeFiles/cmTryCompileExec2371053017.dir/src.c.o
/usr/bin/clang   -DLIBOMP_HAVE_WNO_UNUSED_LOCAL_TYPEDEF_FLAG   -Wunused-local-typedef -o CMakeFiles/cmTryCompileExec2371053017.dir/src.c.o   -c /host/Phd_Sem4/Research/GitLab/ALLVM/openmp/build/CMakeFiles/CMakeTmp/src.c
warning: unknown warning option '-Wunused-local-typedef' [-Wunknown-warning-option]
1 warning generated.
Linking C executable cmTryCompileExec2371053017
/usr/bin/cmake -E cmake_link_script CMakeFiles/cmTryCompileExec2371053017.dir/link.txt --verbose=1
/usr/bin/clang   -DLIBOMP_HAVE_WNO_UNUSED_LOCAL_TYPEDEF_FLAG    CMakeFiles/cmTryCompileExec2371053017.dir/src.c.o  -o cmTryCompileExec2371053017 -rdynamic 
make[1]: Leaving directory `/host/Phd_Sem4/Research/GitLab/ALLVM/openmp/build/CMakeFiles/CMakeTmp'

Source file was:
int main(void) { return 0; }
Performing C SOURCE FILE Test LIBOMP_HAVE_WNO_FORMAT_PEDANTIC_FLAG failed with the following output:
Change Dir: /host/Phd_Sem4/Research/GitLab/ALLVM/openmp/build/CMakeFiles/CMakeTmp

Run Build Command:/usr/bin/make "cmTryCompileExec363809288/fast"
/usr/bin/make -f CMakeFiles/cmTryCompileExec363809288.dir/build.make CMakeFiles/cmTryCompileExec363809288.dir/build
make[1]: Entering directory `/host/Phd_Sem4/Research/GitLab/ALLVM/openmp/build/CMakeFiles/CMakeTmp'
/usr/bin/cmake -E cmake_progress_report /host/Phd_Sem4/Research/GitLab/ALLVM/openmp/build/CMakeFiles/CMakeTmp/CMakeFiles 1
Building C object CMakeFiles/cmTryCompileExec363809288.dir/src.c.o
/usr/bin/clang   -DLIBOMP_HAVE_WNO_FORMAT_PEDANTIC_FLAG   -Wformat-pedantic -o CMakeFiles/cmTryCompileExec363809288.dir/src.c.o   -c /host/Phd_Sem4/Research/GitLab/ALLVM/openmp/build/CMakeFiles/CMakeTmp/src.c
warning: unknown warning option '-Wformat-pedantic' [-Wunknown-warning-option]
1 warning generated.
Linking C executable cmTryCompileExec363809288
/usr/bin/cmake -E cmake_link_script CMakeFiles/cmTryCompileExec363809288.dir/link.txt --verbose=1
/usr/bin/clang   -DLIBOMP_HAVE_WNO_FORMAT_PEDANTIC_FLAG    CMakeFiles/cmTryCompileExec363809288.dir/src.c.o  -o cmTryCompileExec363809288 -rdynamic 
make[1]: Leaving directory `/host/Phd_Sem4/Research/GitLab/ALLVM/openmp/build/CMakeFiles/CMakeTmp'

Source file was:
int main(void) { return 0; }
Performing C SOURCE FILE Test LIBOMP_HAVE_MMIC_FLAG failed with the following output:
Change Dir: /host/Phd_Sem4/Research/GitLab/ALLVM/openmp/build/CMakeFiles/CMakeTmp

Run Build Command:/usr/bin/make "cmTryCompileExec1977354896/fast"
/usr/bin/make -f CMakeFiles/cmTryCompileExec1977354896.dir/build.make CMakeFiles/cmTryCompileExec1977354896.dir/build
make[1]: Entering directory `/host/Phd_Sem4/Research/GitLab/ALLVM/openmp/build/CMakeFiles/CMakeTmp'
/usr/bin/cmake -E cmake_progress_report /host/Phd_Sem4/Research/GitLab/ALLVM/openmp/build/CMakeFiles/CMakeTmp/CMakeFiles 1
Building C object CMakeFiles/cmTryCompileExec1977354896.dir/src.c.o
/usr/bin/clang   -DLIBOMP_HAVE_MMIC_FLAG -mmic   -mmic -o CMakeFiles/cmTryCompileExec1977354896.dir/src.c.o   -c /host/Phd_Sem4/Research/GitLab/ALLVM/openmp/build/CMakeFiles/CMakeTmp/src.c
clang: error: unknown argument: '-mmic'
clang: error: unknown argument: '-mmic'
make[1]: *** [CMakeFiles/cmTryCompileExec1977354896.dir/src.c.o] Error 1
make[1]: Leaving directory `/host/Phd_Sem4/Research/GitLab/ALLVM/openmp/build/CMakeFiles/CMakeTmp'
make: *** [cmTryCompileExec1977354896/fast] Error 2

Source file was:
int main(void) { return 0; }
Determining if the pthread_create exist failed with the following output:
Change Dir: /host/Phd_Sem4/Research/GitLab/ALLVM/openmp/build/CMakeFiles/CMakeTmp

Run Build Command:/usr/bin/make "cmTryCompileExec2418443371/fast"
/usr/bin/make -f CMakeFiles/cmTryCompileExec2418443371.dir/build.make CMakeFiles/cmTryCompileExec2418443371.dir/build
make[1]: Entering directory `/host/Phd_Sem4/Research/GitLab/ALLVM/openmp/build/CMakeFiles/CMakeTmp'
/usr/bin/cmake -E cmake_progress_report /host/Phd_Sem4/Research/GitLab/ALLVM/openmp/build/CMakeFiles/CMakeTmp/CMakeFiles 1
Building C object CMakeFiles/cmTryCompileExec2418443371.dir/CheckSymbolExists.c.o
/usr/bin/clang    -o CMakeFiles/cmTryCompileExec2418443371.dir/CheckSymbolExists.c.o   -c /host/Phd_Sem4/Research/GitLab/ALLVM/openmp/build/CMakeFiles/CMakeTmp/CheckSymbolExists.c
Linking C executable cmTryCompileExec2418443371
/usr/bin/cmake -E cmake_link_script CMakeFiles/cmTryCompileExec2418443371.dir/link.txt --verbose=1
/usr/bin/clang       CMakeFiles/cmTryCompileExec2418443371.dir/CheckSymbolExists.c.o  -o cmTryCompileExec2418443371 -rdynamic 
CMakeFiles/cmTryCompileExec2418443371.dir/CheckSymbolExists.c.o: In function `main':
/host/Phd_Sem4/Research/GitLab/ALLVM/openmp/build/CMakeFiles/CMakeTmp/CheckSymbolExists.c:(.text+0x19): undefined reference to `pthread_create'
clang: error: linker command failed with exit code 1 (use -v to see invocation)
make[1]: *** [cmTryCompileExec2418443371] Error 1
make[1]: Leaving directory `/host/Phd_Sem4/Research/GitLab/ALLVM/openmp/build/CMakeFiles/CMakeTmp'
make: *** [cmTryCompileExec2418443371/fast] Error 2

File /host/Phd_Sem4/Research/GitLab/ALLVM/openmp/build/CMakeFiles/CMakeTmp/CheckSymbolExists.c:
/* */
#include <pthread.h>

int main(int argc, char** argv)
{
  (void)argv;
#ifndef pthread_create
  return ((int*)(&pthread_create))[argc];
#else
  (void)argc;
  return 0;
#endif
}

Determining if the function pthread_create exists in the pthreads failed with the following output:
Change Dir: /host/Phd_Sem4/Research/GitLab/ALLVM/openmp/build/CMakeFiles/CMakeTmp

Run Build Command:/usr/bin/make "cmTryCompileExec3567538565/fast"
/usr/bin/make -f CMakeFiles/cmTryCompileExec3567538565.dir/build.make CMakeFiles/cmTryCompileExec3567538565.dir/build
make[1]: Entering directory `/host/Phd_Sem4/Research/GitLab/ALLVM/openmp/build/CMakeFiles/CMakeTmp'
/usr/bin/cmake -E cmake_progress_report /host/Phd_Sem4/Research/GitLab/ALLVM/openmp/build/CMakeFiles/CMakeTmp/CMakeFiles 1
Building C object CMakeFiles/cmTryCompileExec3567538565.dir/CheckFunctionExists.c.o
/usr/bin/clang   -DCHECK_FUNCTION_EXISTS=pthread_create   -o CMakeFiles/cmTryCompileExec3567538565.dir/CheckFunctionExists.c.o   -c /usr/share/cmake-2.8/Modules/CheckFunctionExists.c
Linking C executable cmTryCompileExec3567538565
/usr/bin/cmake -E cmake_link_script CMakeFiles/cmTryCompileExec3567538565.dir/link.txt --verbose=1
/usr/bin/clang   -DCHECK_FUNCTION_EXISTS=pthread_create    CMakeFiles/cmTryCompileExec3567538565.dir/CheckFunctionExists.c.o  -o cmTryCompileExec3567538565 -rdynamic -lpthreads 
/usr/bin/ld: cannot find -lpthreads
clang: error: linker command failed with exit code 1 (use -v to see invocation)
make[1]: *** [cmTryCompileExec3567538565] Error 1
make[1]: Leaving directory `/host/Phd_Sem4/Research/GitLab/ALLVM/openmp/build/CMakeFiles/CMakeTmp'
make: *** [cmTryCompileExec3567538565/fast] Error 2


Determining if files windows.h;psapi.h exist failed with the following output:
Change Dir: /host/Phd_Sem4/Research/GitLab/ALLVM/openmp/build/CMakeFiles/CMakeTmp

Run Build Command:/usr/bin/make "cmTryCompileExec2182259620/fast"
/usr/bin/make -f CMakeFiles/cmTryCompileExec2182259620.dir/build.make CMakeFiles/cmTryCompileExec2182259620.dir/build
make[1]: Entering directory `/host/Phd_Sem4/Research/GitLab/ALLVM/openmp/build/CMakeFiles/CMakeTmp'
/usr/bin/cmake -E cmake_progress_report /host/Phd_Sem4/Research/GitLab/ALLVM/openmp/build/CMakeFiles/CMakeTmp/CMakeFiles 1
Building C object CMakeFiles/cmTryCompileExec2182259620.dir/CheckIncludeFiles.c.o
/usr/bin/clang    -o CMakeFiles/cmTryCompileExec2182259620.dir/CheckIncludeFiles.c.o   -c /host/Phd_Sem4/Research/GitLab/ALLVM/openmp/build/CMakeFiles/CMakeTmp/CheckIncludeFiles.c
/host/Phd_Sem4/Research/GitLab/ALLVM/openmp/build/CMakeFiles/CMakeTmp/CheckIncludeFiles.c:2:10: fatal error: 'windows.h' file not found
#include <windows.h>
         ^
1 error generated.
make[1]: *** [CMakeFiles/cmTryCompileExec2182259620.dir/CheckIncludeFiles.c.o] Error 1
make[1]: Leaving directory `/host/Phd_Sem4/Research/GitLab/ALLVM/openmp/build/CMakeFiles/CMakeTmp'
make: *** [cmTryCompileExec2182259620/fast] Error 2

Source:
/* */
#include <windows.h>
#include <psapi.h>


int main(){return 0;}

Determining if the function EnumProcessModules exists in the psapi failed with the following output:
Change Dir: /host/Phd_Sem4/Research/GitLab/ALLVM/openmp/build/CMakeFiles/CMakeTmp

Run Build Command:/usr/bin/make "cmTryCompileExec1159247532/fast"
/usr/bin/make -f CMakeFiles/cmTryCompileExec1159247532.dir/build.make CMakeFiles/cmTryCompileExec1159247532.dir/build
make[1]: Entering directory `/host/Phd_Sem4/Research/GitLab/ALLVM/openmp/build/CMakeFiles/CMakeTmp'
/usr/bin/cmake -E cmake_progress_report /host/Phd_Sem4/Research/GitLab/ALLVM/openmp/build/CMakeFiles/CMakeTmp/CMakeFiles 1
Building C object CMakeFiles/cmTryCompileExec1159247532.dir/CheckFunctionExists.c.o
/usr/bin/clang   -DCHECK_FUNCTION_EXISTS=EnumProcessModules   -o CMakeFiles/cmTryCompileExec1159247532.dir/CheckFunctionExists.c.o   -c /usr/share/cmake-2.8/Modules/CheckFunctionExists.c
Linking C executable cmTryCompileExec1159247532
/usr/bin/cmake -E cmake_link_script CMakeFiles/cmTryCompileExec1159247532.dir/link.txt --verbose=1
/usr/bin/clang   -DCHECK_FUNCTION_EXISTS=EnumProcessModules    CMakeFiles/cmTryCompileExec1159247532.dir/CheckFunctionExists.c.o  -o cmTryCompileExec1159247532 -rdynamic -lpsapi 
/usr/bin/ld: cannot find -lpsapi
clang: error: linker command failed with exit code 1 (use -v to see invocation)
make[1]: *** [cmTryCompileExec1159247532] Error 1
make[1]: Leaving directory `/host/Phd_Sem4/Research/GitLab/ALLVM/openmp/build/CMakeFiles/CMakeTmp'
make: *** [cmTryCompileExec1159247532/fast] Error 2


